----------06-27-2018 @ 12:36:52----------
Array
(
    [callback] => Array
        (
            [0] => LP_Background_Query_Items
            [1] => query_premium_addons
        )

)
Array
(
    [action] => wp_lp_query_items
    [nonce] => 8057bfa92b
    [0] => Array
        (
            [callback] => Array
                (
                    [0] => LP_Background_Query_Items
                    [1] => query_premium_addons
                )

        )

    [1] => Array
        (
            [callback] => Array
                (
                    [0] => LP_Background_Query_Items
                    [1] => query_premium_addons
                )

        )

)


=> file      :/homepages/31/d743963689/htdocs/clickandbuilds/htaginstitute/wp-content/plugins/learnpress/inc/abstracts/abstract-background-process.php
=> line      :107
=> function  :add
=> class     :LP_Debug
-----------------------------------------


----------06-27-2018 @ 12:36:51----------
Array
(
    [callback] => Array
        (
            [0] => LP_Background_Query_Items
            [1] => query_premium_addons
        )

)
Array
(
    [action] => wp_lp_query_items
    [nonce] => 8057bfa92b
    [0] => Array
        (
            [callback] => Array
                (
                    [0] => LP_Background_Query_Items
                    [1] => query_premium_addons
                )

        )

    [1] => Array
        (
            [callback] => Array
                (
                    [0] => LP_Background_Query_Items
                    [1] => query_premium_addons
                )

        )

)


=> file      :/homepages/31/d743963689/htdocs/clickandbuilds/htaginstitute/wp-content/plugins/learnpress/inc/abstracts/abstract-background-process.php
=> line      :107
=> function  :add
=> class     :LP_Debug
-----------------------------------------


----------06-27-2018 @ 12:36:37----------
Array
(
    [callback] => Array
        (
            [0] => LP_Background_Query_Items
            [1] => query_premium_addons
        )

)
Array
(
    [action] => wp_lp_query_items
    [nonce] => 8057bfa92b
    [0] => Array
        (
            [callback] => Array
                (
                    [0] => LP_Background_Query_Items
                    [1] => query_premium_addons
                )

        )

    [1] => Array
        (
            [callback] => Array
                (
                    [0] => LP_Background_Query_Items
                    [1] => query_premium_addons
                )

        )

)


=> file      :/homepages/31/d743963689/htdocs/clickandbuilds/htaginstitute/wp-content/plugins/learnpress/inc/abstracts/abstract-background-process.php
=> line      :107
=> function  :add
=> class     :LP_Debug
-----------------------------------------


----------06-27-2018 @ 12:36:36----------
Array
(
    [callback] => Array
        (
            [0] => LP_Background_Query_Items
            [1] => query_premium_addons
        )

)
Array
(
    [action] => wp_lp_query_items
    [nonce] => 8057bfa92b
    [0] => Array
        (
            [callback] => Array
                (
                    [0] => LP_Background_Query_Items
                    [1] => query_premium_addons
                )

        )

    [1] => Array
        (
            [callback] => Array
                (
                    [0] => LP_Background_Query_Items
                    [1] => query_premium_addons
                )

        )

)


=> file      :/homepages/31/d743963689/htdocs/clickandbuilds/htaginstitute/wp-content/plugins/learnpress/inc/abstracts/abstract-background-process.php
=> line      :107
=> function  :add
=> class     :LP_Debug
-----------------------------------------


----------06-27-2018 @ 12:35:04----------
Array
(
    [callback] => Array
        (
            [0] => LP_Background_Query_Items
            [1] => query_premium_addons
        )

)
Array
(
    [action] => wp_lp_query_items
    [nonce] => 8057bfa92b
    [0] => Array
        (
            [callback] => Array
                (
                    [0] => LP_Background_Query_Items
                    [1] => query_premium_addons
                )

        )

    [1] => Array
        (
            [callback] => Array
                (
                    [0] => LP_Background_Query_Items
                    [1] => query_premium_addons
                )

        )

)


=> file      :/homepages/31/d743963689/htdocs/clickandbuilds/htaginstitute/wp-content/plugins/learnpress/inc/abstracts/abstract-background-process.php
=> line      :107
=> function  :add
=> class     :LP_Debug
-----------------------------------------


----------06-27-2018 @ 12:35:03----------
Array
(
    [callback] => Array
        (
            [0] => LP_Background_Query_Items
            [1] => query_premium_addons
        )

)
Array
(
    [action] => wp_lp_query_items
    [nonce] => 8057bfa92b
    [0] => Array
        (
            [callback] => Array
                (
                    [0] => LP_Background_Query_Items
                    [1] => query_premium_addons
                )

        )

    [1] => Array
        (
            [callback] => Array
                (
                    [0] => LP_Background_Query_Items
                    [1] => query_premium_addons
                )

        )

)


=> file      :/homepages/31/d743963689/htdocs/clickandbuilds/htaginstitute/wp-content/plugins/learnpress/inc/abstracts/abstract-background-process.php
=> line      :107
=> function  :add
=> class     :LP_Debug
-----------------------------------------


----------06-27-2018 @ 12:33:34----------
Array
(
    [callback] => Array
        (
            [0] => LP_Background_Query_Items
            [1] => query_premium_addons
        )

)
Array
(
    [action] => wp_lp_query_items
    [nonce] => 8057bfa92b
    [0] => Array
        (
            [callback] => Array
                (
                    [0] => LP_Background_Query_Items
                    [1] => query_premium_addons
                )

        )

    [1] => Array
        (
            [callback] => Array
                (
                    [0] => LP_Background_Query_Items
                    [1] => query_premium_addons
                )

        )

)


=> file      :/homepages/31/d743963689/htdocs/clickandbuilds/htaginstitute/wp-content/plugins/learnpress/inc/abstracts/abstract-background-process.php
=> line      :107
=> function  :add
=> class     :LP_Debug
-----------------------------------------


----------06-27-2018 @ 12:33:33----------
Array
(
    [callback] => Array
        (
            [0] => LP_Background_Query_Items
            [1] => query_premium_addons
        )

)
Array
(
    [action] => wp_lp_query_items
    [nonce] => 8057bfa92b
    [0] => Array
        (
            [callback] => Array
                (
                    [0] => LP_Background_Query_Items
                    [1] => query_premium_addons
                )

        )

    [1] => Array
        (
            [callback] => Array
                (
                    [0] => LP_Background_Query_Items
                    [1] => query_premium_addons
                )

        )

)


=> file      :/homepages/31/d743963689/htdocs/clickandbuilds/htaginstitute/wp-content/plugins/learnpress/inc/abstracts/abstract-background-process.php
=> line      :107
=> function  :add
=> class     :LP_Debug
-----------------------------------------


----------06-27-2018 @ 12:07:14----------
Array
(
    [callback] => Array
        (
            [0] => LP_Background_Query_Items
            [1] => query_premium_addons
        )

)
Array
(
    [action] => wp_lp_query_items
    [nonce] => 8057bfa92b
    [0] => Array
        (
            [callback] => Array
                (
                    [0] => LP_Background_Query_Items
                    [1] => query_premium_addons
                )

        )

    [1] => Array
        (
            [callback] => Array
                (
                    [0] => LP_Background_Query_Items
                    [1] => query_premium_addons
                )

        )

)


=> file      :/homepages/31/d743963689/htdocs/clickandbuilds/htaginstitute/wp-content/plugins/learnpress/inc/abstracts/abstract-background-process.php
=> line      :107
=> function  :add
=> class     :LP_Debug
-----------------------------------------


----------06-27-2018 @ 12:07:13----------
Array
(
    [callback] => Array
        (
            [0] => LP_Background_Query_Items
            [1] => query_premium_addons
        )

)
Array
(
    [action] => wp_lp_query_items
    [nonce] => 8057bfa92b
    [0] => Array
        (
            [callback] => Array
                (
                    [0] => LP_Background_Query_Items
                    [1] => query_premium_addons
                )

        )

    [1] => Array
        (
            [callback] => Array
                (
                    [0] => LP_Background_Query_Items
                    [1] => query_premium_addons
                )

        )

)


=> file      :/homepages/31/d743963689/htdocs/clickandbuilds/htaginstitute/wp-content/plugins/learnpress/inc/abstracts/abstract-background-process.php
=> line      :107
=> function  :add
=> class     :LP_Debug
-----------------------------------------


----------06-27-2018 @ 12:06:36----------
Array
(
    [callback] => Array
        (
            [0] => LP_Background_Query_Items
            [1] => query_premium_addons
        )

)
Array
(
    [action] => wp_lp_query_items
    [nonce] => 8057bfa92b
    [0] => Array
        (
            [callback] => Array
                (
                    [0] => LP_Background_Query_Items
                    [1] => query_premium_addons
                )

        )

    [1] => Array
        (
            [callback] => Array
                (
                    [0] => LP_Background_Query_Items
                    [1] => query_premium_addons
                )

        )

)


=> file      :/homepages/31/d743963689/htdocs/clickandbuilds/htaginstitute/wp-content/plugins/learnpress/inc/abstracts/abstract-background-process.php
=> line      :107
=> function  :add
=> class     :LP_Debug
-----------------------------------------


----------06-27-2018 @ 12:06:35----------
Array
(
    [callback] => Array
        (
            [0] => LP_Background_Query_Items
            [1] => query_premium_addons
        )

)
Array
(
    [action] => wp_lp_query_items
    [nonce] => 8057bfa92b
    [0] => Array
        (
            [callback] => Array
                (
                    [0] => LP_Background_Query_Items
                    [1] => query_premium_addons
                )

        )

    [1] => Array
        (
            [callback] => Array
                (
                    [0] => LP_Background_Query_Items
                    [1] => query_premium_addons
                )

        )

)


=> file      :/homepages/31/d743963689/htdocs/clickandbuilds/htaginstitute/wp-content/plugins/learnpress/inc/abstracts/abstract-background-process.php
=> line      :107
=> function  :add
=> class     :LP_Debug
-----------------------------------------


----------06-27-2018 @ 12:06:28----------
Array
(
    [callback] => Array
        (
            [0] => LP_Background_Query_Items
            [1] => get_related_themes
        )

)
Array
(
    [action] => wp_lp_query_items
    [nonce] => 8057bfa92b
    [0] => Array
        (
            [callback] => Array
                (
                    [0] => LP_Background_Query_Items
                    [1] => query_free_addons
                )

        )

    [1] => Array
        (
            [callback] => Array
                (
                    [0] => LP_Background_Query_Items
                    [1] => query_premium_addons
                )

        )

    [2] => Array
        (
            [callback] => Array
                (
                    [0] => LP_Background_Query_Items
                    [1] => query_free_addons
                )

        )

    [3] => Array
        (
            [callback] => Array
                (
                    [0] => LP_Background_Query_Items
                    [1] => query_premium_addons
                )

        )

    [4] => Array
        (
            [callback] => Array
                (
                    [0] => LP_Background_Query_Items
                    [1] => get_related_themes
                )

        )

)


=> file      :/homepages/31/d743963689/htdocs/clickandbuilds/htaginstitute/wp-content/plugins/learnpress/inc/abstracts/abstract-background-process.php
=> line      :107
=> function  :add
=> class     :LP_Debug
-----------------------------------------


----------06-27-2018 @ 12:06:27----------
Array
(
    [callback] => Array
        (
            [0] => LP_Background_Query_Items
            [1] => query_premium_addons
        )

)
Array
(
    [action] => wp_lp_query_items
    [nonce] => 8057bfa92b
    [0] => Array
        (
            [callback] => Array
                (
                    [0] => LP_Background_Query_Items
                    [1] => query_free_addons
                )

        )

    [1] => Array
        (
            [callback] => Array
                (
                    [0] => LP_Background_Query_Items
                    [1] => query_premium_addons
                )

        )

    [2] => Array
        (
            [callback] => Array
                (
                    [0] => LP_Background_Query_Items
                    [1] => query_free_addons
                )

        )

    [3] => Array
        (
            [callback] => Array
                (
                    [0] => LP_Background_Query_Items
                    [1] => query_premium_addons
                )

        )

    [4] => Array
        (
            [callback] => Array
                (
                    [0] => LP_Background_Query_Items
                    [1] => get_related_themes
                )

        )

)


=> file      :/homepages/31/d743963689/htdocs/clickandbuilds/htaginstitute/wp-content/plugins/learnpress/inc/abstracts/abstract-background-process.php
=> line      :107
=> function  :add
=> class     :LP_Debug
-----------------------------------------


----------06-27-2018 @ 12:06:26----------
Array
(
    [callback] => Array
        (
            [0] => LP_Background_Query_Items
            [1] => query_free_addons
        )

)
Array
(
    [action] => wp_lp_query_items
    [nonce] => 8057bfa92b
    [0] => Array
        (
            [callback] => Array
                (
                    [0] => LP_Background_Query_Items
                    [1] => query_free_addons
                )

        )

    [1] => Array
        (
            [callback] => Array
                (
                    [0] => LP_Background_Query_Items
                    [1] => query_premium_addons
                )

        )

    [2] => Array
        (
            [callback] => Array
                (
                    [0] => LP_Background_Query_Items
                    [1] => query_free_addons
                )

        )

    [3] => Array
        (
            [callback] => Array
                (
                    [0] => LP_Background_Query_Items
                    [1] => query_premium_addons
                )

        )

    [4] => Array
        (
            [callback] => Array
                (
                    [0] => LP_Background_Query_Items
                    [1] => get_related_themes
                )

        )

)


=> file      :/homepages/31/d743963689/htdocs/clickandbuilds/htaginstitute/wp-content/plugins/learnpress/inc/abstracts/abstract-background-process.php
=> line      :107
=> function  :add
=> class     :LP_Debug
-----------------------------------------


----------06-27-2018 @ 12:06:25----------
Array
(
    [callback] => Array
        (
            [0] => LP_Background_Query_Items
            [1] => query_premium_addons
        )

)
Array
(
    [action] => wp_lp_query_items
    [nonce] => 8057bfa92b
    [0] => Array
        (
            [callback] => Array
                (
                    [0] => LP_Background_Query_Items
                    [1] => query_free_addons
                )

        )

    [1] => Array
        (
            [callback] => Array
                (
                    [0] => LP_Background_Query_Items
                    [1] => query_premium_addons
                )

        )

    [2] => Array
        (
            [callback] => Array
                (
                    [0] => LP_Background_Query_Items
                    [1] => query_free_addons
                )

        )

    [3] => Array
        (
            [callback] => Array
                (
                    [0] => LP_Background_Query_Items
                    [1] => query_premium_addons
                )

        )

    [4] => Array
        (
            [callback] => Array
                (
                    [0] => LP_Background_Query_Items
                    [1] => get_related_themes
                )

        )

)


=> file      :/homepages/31/d743963689/htdocs/clickandbuilds/htaginstitute/wp-content/plugins/learnpress/inc/abstracts/abstract-background-process.php
=> line      :107
=> function  :add
=> class     :LP_Debug
-----------------------------------------


----------06-27-2018 @ 12:06:24----------
Array
(
    [callback] => Array
        (
            [0] => LP_Background_Query_Items
            [1] => query_free_addons
        )

)
Array
(
    [action] => wp_lp_query_items
    [nonce] => 8057bfa92b
    [0] => Array
        (
            [callback] => Array
                (
                    [0] => LP_Background_Query_Items
                    [1] => query_free_addons
                )

        )

    [1] => Array
        (
            [callback] => Array
                (
                    [0] => LP_Background_Query_Items
                    [1] => query_premium_addons
                )

        )

    [2] => Array
        (
            [callback] => Array
                (
                    [0] => LP_Background_Query_Items
                    [1] => query_free_addons
                )

        )

    [3] => Array
        (
            [callback] => Array
                (
                    [0] => LP_Background_Query_Items
                    [1] => query_premium_addons
                )

        )

    [4] => Array
        (
            [callback] => Array
                (
                    [0] => LP_Background_Query_Items
                    [1] => get_related_themes
                )

        )

)


=> file      :/homepages/31/d743963689/htdocs/clickandbuilds/htaginstitute/wp-content/plugins/learnpress/inc/abstracts/abstract-background-process.php
=> line      :107
=> function  :add
=> class     :LP_Debug
-----------------------------------------


----------06-27-2018 @ 12:06:22----------
Array
(
    [callback] => Array
        (
            [0] => LP_Background_Query_Items
            [1] => get_related_themes
        )

)
Array
(
    [action] => wp_lp_query_items
    [nonce] => 8057bfa92b
    [0] => Array
        (
            [callback] => Array
                (
                    [0] => LP_Background_Query_Items
                    [1] => query_free_addons
                )

        )

    [1] => Array
        (
            [callback] => Array
                (
                    [0] => LP_Background_Query_Items
                    [1] => query_premium_addons
                )

        )

    [2] => Array
        (
            [callback] => Array
                (
                    [0] => LP_Background_Query_Items
                    [1] => query_free_addons
                )

        )

    [3] => Array
        (
            [callback] => Array
                (
                    [0] => LP_Background_Query_Items
                    [1] => query_premium_addons
                )

        )

    [4] => Array
        (
            [callback] => Array
                (
                    [0] => LP_Background_Query_Items
                    [1] => get_related_themes
                )

        )

)


=> file      :/homepages/31/d743963689/htdocs/clickandbuilds/htaginstitute/wp-content/plugins/learnpress/inc/abstracts/abstract-background-process.php
=> line      :107
=> function  :add
=> class     :LP_Debug
-----------------------------------------


----------06-27-2018 @ 12:06:21----------
Array
(
    [callback] => Array
        (
            [0] => LP_Background_Query_Items
            [1] => query_premium_addons
        )

)
Array
(
    [action] => wp_lp_query_items
    [nonce] => 8057bfa92b
    [0] => Array
        (
            [callback] => Array
                (
                    [0] => LP_Background_Query_Items
                    [1] => query_free_addons
                )

        )

    [1] => Array
        (
            [callback] => Array
                (
                    [0] => LP_Background_Query_Items
                    [1] => query_premium_addons
                )

        )

    [2] => Array
        (
            [callback] => Array
                (
                    [0] => LP_Background_Query_Items
                    [1] => query_free_addons
                )

        )

    [3] => Array
        (
            [callback] => Array
                (
                    [0] => LP_Background_Query_Items
                    [1] => query_premium_addons
                )

        )

    [4] => Array
        (
            [callback] => Array
                (
                    [0] => LP_Background_Query_Items
                    [1] => get_related_themes
                )

        )

)


=> file      :/homepages/31/d743963689/htdocs/clickandbuilds/htaginstitute/wp-content/plugins/learnpress/inc/abstracts/abstract-background-process.php
=> line      :107
=> function  :add
=> class     :LP_Debug
-----------------------------------------


----------06-27-2018 @ 12:06:20----------
Array
(
    [callback] => Array
        (
            [0] => LP_Background_Query_Items
            [1] => query_free_addons
        )

)
Array
(
    [action] => wp_lp_query_items
    [nonce] => 8057bfa92b
    [0] => Array
        (
            [callback] => Array
                (
                    [0] => LP_Background_Query_Items
                    [1] => query_free_addons
                )

        )

    [1] => Array
        (
            [callback] => Array
                (
                    [0] => LP_Background_Query_Items
                    [1] => query_premium_addons
                )

        )

    [2] => Array
        (
            [callback] => Array
                (
                    [0] => LP_Background_Query_Items
                    [1] => query_free_addons
                )

        )

    [3] => Array
        (
            [callback] => Array
                (
                    [0] => LP_Background_Query_Items
                    [1] => query_premium_addons
                )

        )

    [4] => Array
        (
            [callback] => Array
                (
                    [0] => LP_Background_Query_Items
                    [1] => get_related_themes
                )

        )

)


=> file      :/homepages/31/d743963689/htdocs/clickandbuilds/htaginstitute/wp-content/plugins/learnpress/inc/abstracts/abstract-background-process.php
=> line      :107
=> function  :add
=> class     :LP_Debug
-----------------------------------------


----------06-27-2018 @ 12:06:20----------
Array
(
    [check_tables] => yes
)
Array
(
    [action] => wp_lp_installer
    [nonce] => 87648138d8
    [0] => Array
        (
            [check_tables] => yes
        )

)


=> file      :/homepages/31/d743963689/htdocs/clickandbuilds/htaginstitute/wp-content/plugins/learnpress/inc/abstracts/abstract-background-process.php
=> line      :107
=> function  :add
=> class     :LP_Debug
-----------------------------------------


----------06-27-2018 @ 12:06:20----------
Array
(
    [check_tables] => yes
)
Array
(
    [action] => wp_lp_installer
    [nonce] => 87648138d8
    [0] => Array
        (
            [check_tables] => yes
        )

)


=> file      :/homepages/31/d743963689/htdocs/clickandbuilds/htaginstitute/wp-content/plugins/learnpress/inc/abstracts/abstract-background-process.php
=> line      :107
=> function  :add
=> class     :LP_Debug
-----------------------------------------


----------06-27-2018 @ 12:06:19----------
Array
(
    [callback] => Array
        (
            [0] => LP_Background_Query_Items
            [1] => query_premium_addons
        )

)
Array
(
    [action] => wp_lp_query_items
    [nonce] => 8057bfa92b
    [0] => Array
        (
            [callback] => Array
                (
                    [0] => LP_Background_Query_Items
                    [1] => query_free_addons
                )

        )

    [1] => Array
        (
            [callback] => Array
                (
                    [0] => LP_Background_Query_Items
                    [1] => query_premium_addons
                )

        )

    [2] => Array
        (
            [callback] => Array
                (
                    [0] => LP_Background_Query_Items
                    [1] => query_free_addons
                )

        )

    [3] => Array
        (
            [callback] => Array
                (
                    [0] => LP_Background_Query_Items
                    [1] => query_premium_addons
                )

        )

    [4] => Array
        (
            [callback] => Array
                (
                    [0] => LP_Background_Query_Items
                    [1] => get_related_themes
                )

        )

)


=> file      :/homepages/31/d743963689/htdocs/clickandbuilds/htaginstitute/wp-content/plugins/learnpress/inc/abstracts/abstract-background-process.php
=> line      :107
=> function  :add
=> class     :LP_Debug
-----------------------------------------


----------06-27-2018 @ 12:06:18----------
Array
(
    [check_tables] => yes
)
Array
(
    [action] => wp_lp_installer
    [nonce] => 84f5fe5f5d
    [0] => Array
        (
            [check_tables] => yes
        )

)


=> file      :/homepages/31/d743963689/htdocs/clickandbuilds/htaginstitute/wp-content/plugins/learnpress/inc/abstracts/abstract-background-process.php
=> line      :107
=> function  :add
=> class     :LP_Debug
-----------------------------------------


----------06-27-2018 @ 12:06:18----------
Array
(
    [callback] => Array
        (
            [0] => LP_Background_Query_Items
            [1] => query_free_addons
        )

)
Array
(
    [action] => wp_lp_query_items
    [nonce] => 8057bfa92b
    [0] => Array
        (
            [callback] => Array
                (
                    [0] => LP_Background_Query_Items
                    [1] => query_free_addons
                )

        )

    [1] => Array
        (
            [callback] => Array
                (
                    [0] => LP_Background_Query_Items
                    [1] => query_premium_addons
                )

        )

    [2] => Array
        (
            [callback] => Array
                (
                    [0] => LP_Background_Query_Items
                    [1] => query_free_addons
                )

        )

    [3] => Array
        (
            [callback] => Array
                (
                    [0] => LP_Background_Query_Items
                    [1] => query_premium_addons
                )

        )

    [4] => Array
        (
            [callback] => Array
                (
                    [0] => LP_Background_Query_Items
                    [1] => get_related_themes
                )

        )

)


=> file      :/homepages/31/d743963689/htdocs/clickandbuilds/htaginstitute/wp-content/plugins/learnpress/inc/abstracts/abstract-background-process.php
=> line      :107
=> function  :add
=> class     :LP_Debug
-----------------------------------------


